2019.06.16 18:20:05.627 INFO  Server.Server - Server starter at ServerSocket[addr=0.0.0.0/0.0.0.0,localport=5400]!
2019.06.16 18:20:05.627 INFO  Server.Server - Server starter at ServerSocket[addr=0.0.0.0/0.0.0.0,localport=5401]!
2019.06.16 18:20:05.632 INFO  Server.Server - Server's Strategy: ServerStrategyGenerateMaze
2019.06.16 18:20:05.632 INFO  Server.Server - Server's Strategy: ServerStrategySolveSearchProblem
2019.06.16 18:20:05.632 INFO  Server.Server - Server is waiting for clients...
2019.06.16 18:20:05.632 INFO  Server.Server - Server is waiting for clients...
2019.06.16 18:20:06.638 DEBUG Server.Server - Socket Timeout - No clients pending!
2019.06.16 18:20:06.639 DEBUG Server.Server - Socket Timeout - No clients pending!
2019.06.16 18:20:07.643 DEBUG Server.Server - Socket Timeout - No clients pending!
2019.06.16 18:20:07.645 DEBUG Server.Server - Socket Timeout - No clients pending!
2019.06.16 18:20:08.649 DEBUG Server.Server - Socket Timeout - No clients pending!
2019.06.16 18:20:08.649 DEBUG Server.Server - Socket Timeout - No clients pending!
2019.06.16 18:20:09.652 DEBUG Server.Server - Socket Timeout - No clients pending!
2019.06.16 18:20:09.652 DEBUG Server.Server - Socket Timeout - No clients pending!
2019.06.16 18:20:10.296 INFO  Server.Server - Handling client with socket: Socket[addr=/132.73.194.133,port=56446,localport=5400]
2019.06.16 18:20:10.654 DEBUG Server.Server - Socket Timeout - No clients pending!
2019.06.16 18:20:11.299 DEBUG Server.Server - Socket Timeout - No clients pending!
2019.06.16 18:20:11.659 DEBUG Server.Server - Socket Timeout - No clients pending!
2019.06.16 18:20:12.303 DEBUG Server.Server - Socket Timeout - No clients pending!
2019.06.16 18:20:12.663 DEBUG Server.Server - Socket Timeout - No clients pending!
2019.06.16 18:20:13.308 DEBUG Server.Server - Socket Timeout - No clients pending!
2019.06.16 18:20:13.664 DEBUG Server.Server - Socket Timeout - No clients pending!
2019.06.16 18:20:14.310 DEBUG Server.Server - Socket Timeout - No clients pending!
2019.06.16 18:20:14.668 DEBUG Server.Server - Socket Timeout - No clients pending!
2019.06.16 18:20:15.313 DEBUG Server.Server - Socket Timeout - No clients pending!
2019.06.16 18:20:15.673 DEBUG Server.Server - Socket Timeout - No clients pending!
2019.06.16 18:20:16.317 DEBUG Server.Server - Socket Timeout - No clients pending!
2019.06.16 18:20:16.677 DEBUG Server.Server - Socket Timeout - No clients pending!
2019.06.16 18:20:17.322 DEBUG Server.Server - Socket Timeout - No clients pending!
2019.06.16 18:20:17.483 INFO  Server.Server - Handling client with socket: Socket[addr=/132.73.194.133,port=56450,localport=5401]
2019.06.16 18:20:18.326 DEBUG Server.Server - Socket Timeout - No clients pending!
2019.06.16 18:20:18.485 DEBUG Server.Server - Socket Timeout - No clients pending!
2019.06.16 18:20:19.327 DEBUG Server.Server - Socket Timeout - No clients pending!
2019.06.16 18:20:19.487 DEBUG Server.Server - Socket Timeout - No clients pending!
2019.06.16 18:20:20.332 DEBUG Server.Server - Socket Timeout - No clients pending!
2019.06.16 18:20:20.488 DEBUG Server.Server - Socket Timeout - No clients pending!
2019.06.16 18:20:21.338 DEBUG Server.Server - Socket Timeout - No clients pending!
2019.06.16 18:20:21.490 DEBUG Server.Server - Socket Timeout - No clients pending!
2019.06.16 18:20:22.340 DEBUG Server.Server - Socket Timeout - No clients pending!
2019.06.16 18:20:22.491 DEBUG Server.Server - Socket Timeout - No clients pending!
2019.06.16 18:20:23.341 DEBUG Server.Server - Socket Timeout - No clients pending!
2019.06.16 18:20:23.493 DEBUG Server.Server - Socket Timeout - No clients pending!
2019.06.16 18:20:24.363 DEBUG Server.Server - Socket Timeout - No clients pending!
2019.06.16 18:20:24.497 DEBUG Server.Server - Socket Timeout - No clients pending!
2019.06.16 18:20:25.368 DEBUG Server.Server - Socket Timeout - No clients pending!
2019.06.16 18:20:25.501 DEBUG Server.Server - Socket Timeout - No clients pending!
2019.06.16 18:20:26.369 DEBUG Server.Server - Socket Timeout - No clients pending!
2019.06.16 18:20:26.502 DEBUG Server.Server - Socket Timeout - No clients pending!
2019.06.16 18:20:27.370 DEBUG Server.Server - Socket Timeout - No clients pending!
2019.06.16 18:20:27.504 DEBUG Server.Server - Socket Timeout - No clients pending!
2019.06.16 18:20:28.372 DEBUG Server.Server - Socket Timeout - No clients pending!
2019.06.16 18:20:28.380 INFO  Server.Server - Handling client with socket: Socket[addr=/132.73.194.133,port=56453,localport=5400]
2019.06.16 18:20:28.508 DEBUG Server.Server - Socket Timeout - No clients pending!
2019.06.16 18:20:29.383 DEBUG Server.Server - Socket Timeout - No clients pending!
2019.06.16 18:20:29.513 DEBUG Server.Server - Socket Timeout - No clients pending!
2019.06.16 18:20:30.386 DEBUG Server.Server - Socket Timeout - No clients pending!
2019.06.16 18:20:30.514 DEBUG Server.Server - Socket Timeout - No clients pending!
2019.06.16 18:20:31.387 DEBUG Server.Server - Socket Timeout - No clients pending!
2019.06.16 18:20:31.515 DEBUG Server.Server - Socket Timeout - No clients pending!
2019.06.16 18:20:32.389 DEBUG Server.Server - Socket Timeout - No clients pending!
2019.06.16 18:20:32.517 DEBUG Server.Server - Socket Timeout - No clients pending!
2019.06.16 18:20:33.395 DEBUG Server.Server - Socket Timeout - No clients pending!
2019.06.16 18:20:33.518 DEBUG Server.Server - Socket Timeout - No clients pending!
2019.06.16 18:20:34.397 DEBUG Server.Server - Socket Timeout - No clients pending!
2019.06.16 18:20:34.519 DEBUG Server.Server - Socket Timeout - No clients pending!
2019.06.16 18:20:35.402 DEBUG Server.Server - Socket Timeout - No clients pending!
2019.06.16 18:20:35.524 DEBUG Server.Server - Socket Timeout - No clients pending!
2019.06.16 18:20:36.431 DEBUG Server.Server - Socket Timeout - No clients pending!
2019.06.16 18:20:36.528 DEBUG Server.Server - Socket Timeout - No clients pending!
2019.06.16 18:20:37.433 DEBUG Server.Server - Socket Timeout - No clients pending!
2019.06.16 18:20:37.532 DEBUG Server.Server - Socket Timeout - No clients pending!
2019.06.16 18:20:38.442 DEBUG Server.Server - Socket Timeout - No clients pending!
2019.06.16 18:20:38.534 DEBUG Server.Server - Socket Timeout - No clients pending!
2019.06.16 18:20:39.444 DEBUG Server.Server - Socket Timeout - No clients pending!
2019.06.16 18:20:39.536 DEBUG Server.Server - Socket Timeout - No clients pending!
2019.06.16 18:20:40.449 DEBUG Server.Server - Socket Timeout - No clients pending!
2019.06.16 18:20:40.539 DEBUG Server.Server - Socket Timeout - No clients pending!
2019.06.16 18:20:41.451 DEBUG Server.Server - Socket Timeout - No clients pending!
2019.06.16 18:20:41.541 DEBUG Server.Server - Socket Timeout - No clients pending!
2019.06.16 18:20:42.452 DEBUG Server.Server - Socket Timeout - No clients pending!
2019.06.16 18:20:42.542 DEBUG Server.Server - Socket Timeout - No clients pending!
2019.06.16 18:20:43.457 DEBUG Server.Server - Socket Timeout - No clients pending!
2019.06.16 18:20:43.546 DEBUG Server.Server - Socket Timeout - No clients pending!
2019.06.16 18:20:44.458 DEBUG Server.Server - Socket Timeout - No clients pending!
2019.06.16 18:20:44.548 DEBUG Server.Server - Socket Timeout - No clients pending!
2019.06.16 18:20:45.462 DEBUG Server.Server - Socket Timeout - No clients pending!
2019.06.16 18:20:45.549 DEBUG Server.Server - Socket Timeout - No clients pending!
2019.06.16 18:20:46.464 DEBUG Server.Server - Socket Timeout - No clients pending!
2019.06.16 18:20:46.554 DEBUG Server.Server - Socket Timeout - No clients pending!
2019.06.16 18:20:47.465 DEBUG Server.Server - Socket Timeout - No clients pending!
2019.06.16 18:20:47.555 DEBUG Server.Server - Socket Timeout - No clients pending!
2019.06.16 18:20:48.466 DEBUG Server.Server - Socket Timeout - No clients pending!
2019.06.16 18:20:48.559 DEBUG Server.Server - Socket Timeout - No clients pending!
2019.06.16 18:20:49.468 DEBUG Server.Server - Socket Timeout - No clients pending!
2019.06.16 18:20:49.564 DEBUG Server.Server - Socket Timeout - No clients pending!
2019.06.16 18:20:50.469 DEBUG Server.Server - Socket Timeout - No clients pending!
2019.06.16 18:20:50.565 DEBUG Server.Server - Socket Timeout - No clients pending!
2019.06.16 18:20:51.470 DEBUG Server.Server - Socket Timeout - No clients pending!
2019.06.16 18:20:51.566 DEBUG Server.Server - Socket Timeout - No clients pending!
2019.06.16 18:20:52.472 DEBUG Server.Server - Socket Timeout - No clients pending!
2019.06.16 18:20:52.568 DEBUG Server.Server - Socket Timeout - No clients pending!
2019.06.16 18:20:53.473 DEBUG Server.Server - Socket Timeout - No clients pending!
2019.06.16 18:20:53.569 DEBUG Server.Server - Socket Timeout - No clients pending!
2019.06.16 18:20:54.475 DEBUG Server.Server - Socket Timeout - No clients pending!
2019.06.16 18:20:54.570 DEBUG Server.Server - Socket Timeout - No clients pending!
2019.06.16 18:20:55.476 DEBUG Server.Server - Socket Timeout - No clients pending!
2019.06.16 18:20:55.572 DEBUG Server.Server - Socket Timeout - No clients pending!
2019.06.16 18:20:56.477 DEBUG Server.Server - Socket Timeout - No clients pending!
2019.06.16 18:20:56.573 DEBUG Server.Server - Socket Timeout - No clients pending!
2019.06.16 18:20:57.482 DEBUG Server.Server - Socket Timeout - No clients pending!
2019.06.16 18:20:57.575 DEBUG Server.Server - Socket Timeout - No clients pending!
2019.06.16 18:20:58.487 DEBUG Server.Server - Socket Timeout - No clients pending!
2019.06.16 18:20:58.576 DEBUG Server.Server - Socket Timeout - No clients pending!
2019.06.16 18:20:59.490 DEBUG Server.Server - Socket Timeout - No clients pending!
2019.06.16 18:20:59.580 DEBUG Server.Server - Socket Timeout - No clients pending!
2019.06.16 18:21:00.492 DEBUG Server.Server - Socket Timeout - No clients pending!
2019.06.16 18:21:00.582 DEBUG Server.Server - Socket Timeout - No clients pending!
2019.06.16 18:21:01.493 DEBUG Server.Server - Socket Timeout - No clients pending!
2019.06.16 18:21:01.583 DEBUG Server.Server - Socket Timeout - No clients pending!
2019.06.16 18:21:02.494 DEBUG Server.Server - Socket Timeout - No clients pending!
2019.06.16 18:21:02.584 DEBUG Server.Server - Socket Timeout - No clients pending!
2019.06.16 18:21:03.496 DEBUG Server.Server - Socket Timeout - No clients pending!
2019.06.16 18:21:03.586 DEBUG Server.Server - Socket Timeout - No clients pending!
2019.06.16 18:21:04.502 DEBUG Server.Server - Socket Timeout - No clients pending!
2019.06.16 18:21:04.590 DEBUG Server.Server - Socket Timeout - No clients pending!
2019.06.16 18:21:05.504 DEBUG Server.Server - Socket Timeout - No clients pending!
2019.06.16 18:21:05.594 DEBUG Server.Server - Socket Timeout - No clients pending!
2019.06.16 18:21:06.507 DEBUG Server.Server - Socket Timeout - No clients pending!
2019.06.16 18:21:06.596 DEBUG Server.Server - Socket Timeout - No clients pending!
2019.06.16 18:21:07.510 DEBUG Server.Server - Socket Timeout - No clients pending!
2019.06.16 18:21:07.600 DEBUG Server.Server - Socket Timeout - No clients pending!
2019.06.16 18:21:08.514 DEBUG Server.Server - Socket Timeout - No clients pending!
2019.06.16 18:21:08.600 DEBUG Server.Server - Socket Timeout - No clients pending!
2019.06.16 18:21:09.518 DEBUG Server.Server - Socket Timeout - No clients pending!
2019.06.16 18:21:09.603 DEBUG Server.Server - Socket Timeout - No clients pending!
2019.06.16 18:21:10.520 DEBUG Server.Server - Socket Timeout - No clients pending!
2019.06.16 18:21:10.604 DEBUG Server.Server - Socket Timeout - No clients pending!
2019.06.16 18:21:11.521 DEBUG Server.Server - Socket Timeout - No clients pending!
2019.06.16 18:21:11.606 DEBUG Server.Server - Socket Timeout - No clients pending!
2019.06.16 18:21:12.526 DEBUG Server.Server - Socket Timeout - No clients pending!
2019.06.16 18:21:12.610 DEBUG Server.Server - Socket Timeout - No clients pending!
2019.06.16 18:21:13.527 DEBUG Server.Server - Socket Timeout - No clients pending!
2019.06.16 18:21:13.614 DEBUG Server.Server - Socket Timeout - No clients pending!
2019.06.16 18:21:14.533 DEBUG Server.Server - Socket Timeout - No clients pending!
2019.06.16 18:21:14.616 DEBUG Server.Server - Socket Timeout - No clients pending!
2019.06.16 18:21:15.538 DEBUG Server.Server - Socket Timeout - No clients pending!
2019.06.16 18:21:15.617 DEBUG Server.Server - Socket Timeout - No clients pending!
2019.06.16 18:21:16.539 DEBUG Server.Server - Socket Timeout - No clients pending!
2019.06.16 18:21:16.620 DEBUG Server.Server - Socket Timeout - No clients pending!
2019.06.16 18:21:17.541 DEBUG Server.Server - Socket Timeout - No clients pending!
2019.06.16 18:21:17.627 DEBUG Server.Server - Socket Timeout - No clients pending!
2019.06.16 18:21:18.546 DEBUG Server.Server - Socket Timeout - No clients pending!
2019.06.16 18:21:18.628 DEBUG Server.Server - Socket Timeout - No clients pending!
2019.06.16 18:21:19.550 DEBUG Server.Server - Socket Timeout - No clients pending!
2019.06.16 18:21:19.631 DEBUG Server.Server - Socket Timeout - No clients pending!
2019.06.16 18:21:20.554 DEBUG Server.Server - Socket Timeout - No clients pending!
2019.06.16 18:21:20.636 DEBUG Server.Server - Socket Timeout - No clients pending!
2019.06.16 18:21:21.555 DEBUG Server.Server - Socket Timeout - No clients pending!
2019.06.16 18:21:21.638 DEBUG Server.Server - Socket Timeout - No clients pending!
2019.06.16 18:21:22.560 DEBUG Server.Server - Socket Timeout - No clients pending!
2019.06.16 18:21:22.639 DEBUG Server.Server - Socket Timeout - No clients pending!
2019.06.16 18:21:23.561 DEBUG Server.Server - Socket Timeout - No clients pending!
2019.06.16 18:21:23.641 DEBUG Server.Server - Socket Timeout - No clients pending!
2019.06.16 18:21:24.565 DEBUG Server.Server - Socket Timeout - No clients pending!
2019.06.16 18:21:24.646 DEBUG Server.Server - Socket Timeout - No clients pending!
2019.06.16 18:21:25.566 DEBUG Server.Server - Socket Timeout - No clients pending!
2019.06.16 18:21:25.648 DEBUG Server.Server - Socket Timeout - No clients pending!
2019.06.16 18:21:26.571 DEBUG Server.Server - Socket Timeout - No clients pending!
2019.06.16 18:21:26.649 DEBUG Server.Server - Socket Timeout - No clients pending!
2019.06.16 18:21:27.576 DEBUG Server.Server - Socket Timeout - No clients pending!
2019.06.16 18:21:27.650 DEBUG Server.Server - Socket Timeout - No clients pending!
2019.06.16 18:21:28.577 DEBUG Server.Server - Socket Timeout - No clients pending!
2019.06.16 18:21:28.653 DEBUG Server.Server - Socket Timeout - No clients pending!
2019.06.16 18:21:29.581 DEBUG Server.Server - Socket Timeout - No clients pending!
2019.06.16 18:21:29.659 DEBUG Server.Server - Socket Timeout - No clients pending!
2019.06.16 18:21:30.586 DEBUG Server.Server - Socket Timeout - No clients pending!
2019.06.16 18:21:30.661 DEBUG Server.Server - Socket Timeout - No clients pending!
2019.06.16 18:21:31.599 DEBUG Server.Server - Socket Timeout - No clients pending!
2019.06.16 18:21:31.662 DEBUG Server.Server - Socket Timeout - No clients pending!
2019.06.16 18:21:32.603 DEBUG Server.Server - Socket Timeout - No clients pending!
2019.06.16 18:21:32.666 DEBUG Server.Server - Socket Timeout - No clients pending!
2019.06.16 18:21:33.607 DEBUG Server.Server - Socket Timeout - No clients pending!
2019.06.16 18:21:33.671 DEBUG Server.Server - Socket Timeout - No clients pending!
2019.06.16 18:21:34.608 DEBUG Server.Server - Socket Timeout - No clients pending!
2019.06.16 18:21:34.672 DEBUG Server.Server - Socket Timeout - No clients pending!
2019.06.16 18:21:35.613 DEBUG Server.Server - Socket Timeout - No clients pending!
2019.06.16 18:21:35.675 DEBUG Server.Server - Socket Timeout - No clients pending!
2019.06.16 18:21:36.617 DEBUG Server.Server - Socket Timeout - No clients pending!
2019.06.16 18:21:36.677 DEBUG Server.Server - Socket Timeout - No clients pending!
2019.06.16 18:21:37.619 DEBUG Server.Server - Socket Timeout - No clients pending!
2019.06.16 18:21:37.683 DEBUG Server.Server - Socket Timeout - No clients pending!
2019.06.16 18:21:38.623 DEBUG Server.Server - Socket Timeout - No clients pending!
2019.06.16 18:21:38.687 DEBUG Server.Server - Socket Timeout - No clients pending!
2019.06.16 18:21:39.628 DEBUG Server.Server - Socket Timeout - No clients pending!
2019.06.16 18:21:39.688 DEBUG Server.Server - Socket Timeout - No clients pending!
2019.06.16 18:21:40.629 DEBUG Server.Server - Socket Timeout - No clients pending!
2019.06.16 18:21:40.690 DEBUG Server.Server - Socket Timeout - No clients pending!
2019.06.16 18:21:41.632 DEBUG Server.Server - Socket Timeout - No clients pending!
2019.06.16 18:21:41.691 DEBUG Server.Server - Socket Timeout - No clients pending!
2019.06.16 18:21:42.634 DEBUG Server.Server - Socket Timeout - No clients pending!
2019.06.16 18:21:42.693 DEBUG Server.Server - Socket Timeout - No clients pending!
2019.06.16 18:47:38.025 INFO  Server.Server - Server starter at ServerSocket[addr=0.0.0.0/0.0.0.0,localport=5401]!
2019.06.16 18:47:38.025 INFO  Server.Server - Server starter at ServerSocket[addr=0.0.0.0/0.0.0.0,localport=5400]!
2019.06.16 18:47:38.031 INFO  Server.Server - Server's Strategy: ServerStrategyGenerateMaze
2019.06.16 18:47:38.031 INFO  Server.Server - Server's Strategy: ServerStrategySolveSearchProblem
2019.06.16 18:47:38.031 INFO  Server.Server - Server is waiting for clients...
2019.06.16 18:47:38.031 INFO  Server.Server - Server is waiting for clients...
2019.06.16 18:47:39.035 DEBUG Server.Server - Socket Timeout - No clients pending!
2019.06.16 18:47:39.036 DEBUG Server.Server - Socket Timeout - No clients pending!
2019.06.16 18:47:40.047 DEBUG Server.Server - Socket Timeout - No clients pending!
2019.06.16 18:47:40.049 DEBUG Server.Server - Socket Timeout - No clients pending!
2019.06.16 18:47:41.056 DEBUG Server.Server - Socket Timeout - No clients pending!
2019.06.16 18:47:41.056 DEBUG Server.Server - Socket Timeout - No clients pending!
2019.06.16 18:47:42.058 DEBUG Server.Server - Socket Timeout - No clients pending!
2019.06.16 18:47:42.058 DEBUG Server.Server - Socket Timeout - No clients pending!
2019.06.16 18:47:43.062 DEBUG Server.Server - Socket Timeout - No clients pending!
2019.06.16 18:47:43.062 DEBUG Server.Server - Socket Timeout - No clients pending!
2019.06.16 18:47:43.692 INFO  Server.Server - Handling client with socket: Socket[addr=/132.73.194.133,port=56708,localport=5400]
2019.06.16 18:47:44.067 DEBUG Server.Server - Socket Timeout - No clients pending!
2019.06.16 18:47:44.696 DEBUG Server.Server - Socket Timeout - No clients pending!
2019.06.16 18:47:45.071 DEBUG Server.Server - Socket Timeout - No clients pending!
2019.06.16 18:47:45.698 DEBUG Server.Server - Socket Timeout - No clients pending!
2019.06.16 18:47:46.096 DEBUG Server.Server - Socket Timeout - No clients pending!
2019.06.16 18:47:46.703 DEBUG Server.Server - Socket Timeout - No clients pending!
2019.06.16 18:47:47.100 DEBUG Server.Server - Socket Timeout - No clients pending!
2019.06.16 18:47:47.707 DEBUG Server.Server - Socket Timeout - No clients pending!
2019.06.16 18:47:48.101 DEBUG Server.Server - Socket Timeout - No clients pending!
2019.06.16 18:47:48.710 DEBUG Server.Server - Socket Timeout - No clients pending!
2019.06.16 18:47:49.102 DEBUG Server.Server - Socket Timeout - No clients pending!
2019.06.16 18:47:49.716 DEBUG Server.Server - Socket Timeout - No clients pending!
2019.06.16 18:47:50.108 DEBUG Server.Server - Socket Timeout - No clients pending!
2019.06.16 18:47:50.718 DEBUG Server.Server - Socket Timeout - No clients pending!
2019.06.16 18:47:51.111 DEBUG Server.Server - Socket Timeout - No clients pending!
2019.06.16 18:47:51.721 DEBUG Server.Server - Socket Timeout - No clients pending!
2019.06.16 18:47:52.115 DEBUG Server.Server - Socket Timeout - No clients pending!
2019.06.16 18:47:52.725 DEBUG Server.Server - Socket Timeout - No clients pending!
2019.06.16 18:47:53.119 DEBUG Server.Server - Socket Timeout - No clients pending!
2019.06.16 18:47:53.729 DEBUG Server.Server - Socket Timeout - No clients pending!
2019.06.16 18:47:54.125 DEBUG Server.Server - Socket Timeout - No clients pending!
2019.06.16 18:47:54.735 DEBUG Server.Server - Socket Timeout - No clients pending!
2019.06.16 18:47:55.128 DEBUG Server.Server - Socket Timeout - No clients pending!
2019.06.16 18:47:55.743 DEBUG Server.Server - Socket Timeout - No clients pending!
2019.06.16 18:47:56.131 DEBUG Server.Server - Socket Timeout - No clients pending!
2019.06.16 18:47:56.748 DEBUG Server.Server - Socket Timeout - No clients pending!
2019.06.16 18:47:57.136 DEBUG Server.Server - Socket Timeout - No clients pending!
2019.06.16 18:47:57.205 INFO  Server.Server - Handling client with socket: Socket[addr=/132.73.194.133,port=56712,localport=5400]
2019.06.16 18:47:58.140 DEBUG Server.Server - Socket Timeout - No clients pending!
2019.06.16 18:47:58.207 DEBUG Server.Server - Socket Timeout - No clients pending!
2019.06.16 18:47:59.143 DEBUG Server.Server - Socket Timeout - No clients pending!
2019.06.16 18:47:59.212 DEBUG Server.Server - Socket Timeout - No clients pending!
2019.06.16 18:48:00.146 DEBUG Server.Server - Socket Timeout - No clients pending!
2019.06.16 18:48:00.214 DEBUG Server.Server - Socket Timeout - No clients pending!
2019.06.16 18:48:01.152 DEBUG Server.Server - Socket Timeout - No clients pending!
2019.06.16 18:48:01.218 DEBUG Server.Server - Socket Timeout - No clients pending!
2019.06.16 18:48:02.153 DEBUG Server.Server - Socket Timeout - No clients pending!
2019.06.16 18:48:02.221 DEBUG Server.Server - Socket Timeout - No clients pending!
2019.06.16 18:48:03.154 DEBUG Server.Server - Socket Timeout - No clients pending!
2019.06.16 18:48:03.223 DEBUG Server.Server - Socket Timeout - No clients pending!
2019.06.16 18:48:04.158 DEBUG Server.Server - Socket Timeout - No clients pending!
2019.06.16 18:48:04.225 DEBUG Server.Server - Socket Timeout - No clients pending!
2019.06.16 18:48:05.162 DEBUG Server.Server - Socket Timeout - No clients pending!
2019.06.16 18:48:05.228 DEBUG Server.Server - Socket Timeout - No clients pending!
2019.06.16 18:48:06.166 DEBUG Server.Server - Socket Timeout - No clients pending!
2019.06.16 18:48:06.232 DEBUG Server.Server - Socket Timeout - No clients pending!
2019.06.16 18:48:07.171 DEBUG Server.Server - Socket Timeout - No clients pending!
2019.06.16 18:48:07.235 DEBUG Server.Server - Socket Timeout - No clients pending!
2019.06.16 18:48:08.178 DEBUG Server.Server - Socket Timeout - No clients pending!
2019.06.16 18:48:08.235 DEBUG Server.Server - Socket Timeout - No clients pending!
2019.06.16 18:48:09.182 DEBUG Server.Server - Socket Timeout - No clients pending!
2019.06.16 18:48:09.236 DEBUG Server.Server - Socket Timeout - No clients pending!
2019.06.16 18:48:10.188 DEBUG Server.Server - Socket Timeout - No clients pending!
2019.06.16 18:48:10.238 DEBUG Server.Server - Socket Timeout - No clients pending!
2019.06.16 18:48:11.190 DEBUG Server.Server - Socket Timeout - No clients pending!
2019.06.16 18:48:11.238 DEBUG Server.Server - Socket Timeout - No clients pending!
2019.06.16 18:48:12.191 DEBUG Server.Server - Socket Timeout - No clients pending!
2019.06.16 18:48:12.242 DEBUG Server.Server - Socket Timeout - No clients pending!
2019.06.16 18:48:13.194 DEBUG Server.Server - Socket Timeout - No clients pending!
2019.06.16 18:48:13.245 DEBUG Server.Server - Socket Timeout - No clients pending!
2019.06.16 18:48:14.200 DEBUG Server.Server - Socket Timeout - No clients pending!
2019.06.16 18:48:14.249 DEBUG Server.Server - Socket Timeout - No clients pending!
2019.06.16 18:48:15.202 DEBUG Server.Server - Socket Timeout - No clients pending!
2019.06.16 18:48:15.253 DEBUG Server.Server - Socket Timeout - No clients pending!
2019.06.16 18:48:16.084 INFO  Server.Server - Handling client with socket: Socket[addr=/132.73.194.133,port=56717,localport=5400]
2019.06.16 18:48:16.205 DEBUG Server.Server - Socket Timeout - No clients pending!
2019.06.16 18:48:17.088 DEBUG Server.Server - Socket Timeout - No clients pending!
2019.06.16 18:48:17.208 DEBUG Server.Server - Socket Timeout - No clients pending!
2019.06.16 18:48:18.091 DEBUG Server.Server - Socket Timeout - No clients pending!
2019.06.16 18:48:18.212 DEBUG Server.Server - Socket Timeout - No clients pending!
2019.06.16 18:48:19.092 DEBUG Server.Server - Socket Timeout - No clients pending!
2019.06.16 18:48:19.216 DEBUG Server.Server - Socket Timeout - No clients pending!
2019.06.16 18:48:20.095 DEBUG Server.Server - Socket Timeout - No clients pending!
2019.06.16 18:48:20.218 DEBUG Server.Server - Socket Timeout - No clients pending!
2019.06.16 18:48:21.100 DEBUG Server.Server - Socket Timeout - No clients pending!
2019.06.16 18:48:21.219 DEBUG Server.Server - Socket Timeout - No clients pending!
2019.06.16 18:48:21.786 INFO  Server.Server - Handling client with socket: Socket[addr=/132.73.194.133,port=56720,localport=5401]
2019.06.16 18:48:22.105 DEBUG Server.Server - Socket Timeout - No clients pending!
2019.06.16 18:48:22.787 DEBUG Server.Server - Socket Timeout - No clients pending!
2019.06.16 18:48:23.106 DEBUG Server.Server - Socket Timeout - No clients pending!
2019.06.16 18:48:23.791 DEBUG Server.Server - Socket Timeout - No clients pending!
2019.06.16 18:48:24.111 DEBUG Server.Server - Socket Timeout - No clients pending!
2019.06.16 18:48:24.795 DEBUG Server.Server - Socket Timeout - No clients pending!
2019.06.16 18:48:25.115 DEBUG Server.Server - Socket Timeout - No clients pending!
2019.06.16 18:48:25.799 DEBUG Server.Server - Socket Timeout - No clients pending!
2019.06.16 18:48:26.119 DEBUG Server.Server - Socket Timeout - No clients pending!
2019.06.16 18:48:26.803 DEBUG Server.Server - Socket Timeout - No clients pending!
2019.06.16 18:48:27.132 DEBUG Server.Server - Socket Timeout - No clients pending!
2019.06.16 18:48:27.805 DEBUG Server.Server - Socket Timeout - No clients pending!
2019.06.16 18:48:28.133 DEBUG Server.Server - Socket Timeout - No clients pending!
2019.06.16 18:48:28.806 DEBUG Server.Server - Socket Timeout - No clients pending!
2019.06.16 18:48:29.134 DEBUG Server.Server - Socket Timeout - No clients pending!
2019.06.16 18:48:29.811 DEBUG Server.Server - Socket Timeout - No clients pending!
2019.06.16 18:48:30.135 DEBUG Server.Server - Socket Timeout - No clients pending!
2019.06.16 18:48:30.815 DEBUG Server.Server - Socket Timeout - No clients pending!
2019.06.16 18:48:31.139 DEBUG Server.Server - Socket Timeout - No clients pending!
2019.06.16 18:48:31.819 DEBUG Server.Server - Socket Timeout - No clients pending!
2019.06.16 18:48:32.141 DEBUG Server.Server - Socket Timeout - No clients pending!
2019.06.16 18:48:32.824 DEBUG Server.Server - Socket Timeout - No clients pending!
2019.06.16 18:48:33.146 DEBUG Server.Server - Socket Timeout - No clients pending!
2019.06.16 18:48:33.828 DEBUG Server.Server - Socket Timeout - No clients pending!
2019.06.16 18:48:34.148 DEBUG Server.Server - Socket Timeout - No clients pending!
2019.06.16 18:48:34.832 DEBUG Server.Server - Socket Timeout - No clients pending!
2019.06.16 18:48:35.150 DEBUG Server.Server - Socket Timeout - No clients pending!
2019.06.16 18:48:35.837 DEBUG Server.Server - Socket Timeout - No clients pending!
2019.06.16 18:48:36.152 DEBUG Server.Server - Socket Timeout - No clients pending!
2019.06.16 18:48:36.841 DEBUG Server.Server - Socket Timeout - No clients pending!
2019.06.16 18:48:37.155 DEBUG Server.Server - Socket Timeout - No clients pending!
2019.06.16 18:48:37.843 DEBUG Server.Server - Socket Timeout - No clients pending!
2019.06.16 18:48:38.156 DEBUG Server.Server - Socket Timeout - No clients pending!
2019.06.16 18:48:38.847 DEBUG Server.Server - Socket Timeout - No clients pending!
2019.06.16 18:48:39.158 DEBUG Server.Server - Socket Timeout - No clients pending!
2019.06.16 18:48:39.851 DEBUG Server.Server - Socket Timeout - No clients pending!
2019.06.16 18:48:40.159 DEBUG Server.Server - Socket Timeout - No clients pending!
2019.06.16 18:48:40.854 DEBUG Server.Server - Socket Timeout - No clients pending!
2019.06.16 18:48:41.163 DEBUG Server.Server - Socket Timeout - No clients pending!
2019.06.16 18:48:41.857 DEBUG Server.Server - Socket Timeout - No clients pending!
2019.06.16 18:48:42.167 DEBUG Server.Server - Socket Timeout - No clients pending!
2019.06.16 18:48:42.858 DEBUG Server.Server - Socket Timeout - No clients pending!
2019.06.16 18:48:43.169 DEBUG Server.Server - Socket Timeout - No clients pending!
2019.06.16 18:48:43.863 DEBUG Server.Server - Socket Timeout - No clients pending!
2019.06.16 18:48:44.172 DEBUG Server.Server - Socket Timeout - No clients pending!
2019.06.16 18:48:44.868 DEBUG Server.Server - Socket Timeout - No clients pending!
2019.06.16 18:48:45.175 DEBUG Server.Server - Socket Timeout - No clients pending!
2019.06.16 18:48:45.871 DEBUG Server.Server - Socket Timeout - No clients pending!
2019.06.16 18:48:46.176 DEBUG Server.Server - Socket Timeout - No clients pending!
2019.06.16 18:48:46.873 DEBUG Server.Server - Socket Timeout - No clients pending!
2019.06.16 18:48:47.180 DEBUG Server.Server - Socket Timeout - No clients pending!
2019.06.16 18:48:47.874 DEBUG Server.Server - Socket Timeout - No clients pending!
2019.06.16 18:48:48.183 DEBUG Server.Server - Socket Timeout - No clients pending!
2019.06.16 18:48:48.878 DEBUG Server.Server - Socket Timeout - No clients pending!
2019.06.16 18:48:49.186 DEBUG Server.Server - Socket Timeout - No clients pending!
2019.06.16 18:48:49.884 DEBUG Server.Server - Socket Timeout - No clients pending!
2019.06.16 18:48:50.189 DEBUG Server.Server - Socket Timeout - No clients pending!
2019.06.16 18:48:50.887 DEBUG Server.Server - Socket Timeout - No clients pending!
2019.06.16 18:48:51.192 DEBUG Server.Server - Socket Timeout - No clients pending!
2019.06.16 18:48:51.888 DEBUG Server.Server - Socket Timeout - No clients pending!
2019.06.16 18:48:52.196 DEBUG Server.Server - Socket Timeout - No clients pending!
2019.06.16 18:48:52.890 DEBUG Server.Server - Socket Timeout - No clients pending!
2019.06.16 18:48:53.200 DEBUG Server.Server - Socket Timeout - No clients pending!
2019.06.16 18:48:53.515 INFO  Server.Server - Handling client with socket: Socket[addr=/132.73.194.133,port=56729,localport=5401]
2019.06.16 18:48:54.202 DEBUG Server.Server - Socket Timeout - No clients pending!
2019.06.16 18:48:54.519 DEBUG Server.Server - Socket Timeout - No clients pending!
2019.06.16 18:48:55.203 DEBUG Server.Server - Socket Timeout - No clients pending!
2019.06.16 18:48:55.522 DEBUG Server.Server - Socket Timeout - No clients pending!
2019.06.16 18:48:56.207 DEBUG Server.Server - Socket Timeout - No clients pending!
2019.06.16 18:48:56.526 DEBUG Server.Server - Socket Timeout - No clients pending!
2019.06.16 18:48:57.209 DEBUG Server.Server - Socket Timeout - No clients pending!
2019.06.16 18:48:57.528 DEBUG Server.Server - Socket Timeout - No clients pending!
2019.06.16 18:48:58.210 DEBUG Server.Server - Socket Timeout - No clients pending!
2019.06.16 18:48:58.532 DEBUG Server.Server - Socket Timeout - No clients pending!
2019.06.16 18:48:59.211 DEBUG Server.Server - Socket Timeout - No clients pending!
2019.06.16 18:48:59.538 DEBUG Server.Server - Socket Timeout - No clients pending!
2019.06.16 18:49:00.215 DEBUG Server.Server - Socket Timeout - No clients pending!
2019.06.16 18:49:00.540 DEBUG Server.Server - Socket Timeout - No clients pending!
2019.06.16 18:49:01.220 DEBUG Server.Server - Socket Timeout - No clients pending!
2019.06.16 18:49:01.545 DEBUG Server.Server - Socket Timeout - No clients pending!
2019.06.16 18:49:02.222 DEBUG Server.Server - Socket Timeout - No clients pending!
2019.06.16 18:49:02.549 DEBUG Server.Server - Socket Timeout - No clients pending!
2019.06.16 18:49:03.223 DEBUG Server.Server - Socket Timeout - No clients pending!
2019.06.16 18:49:03.550 DEBUG Server.Server - Socket Timeout - No clients pending!
2019.06.16 18:49:04.227 DEBUG Server.Server - Socket Timeout - No clients pending!
2019.06.16 18:49:04.555 DEBUG Server.Server - Socket Timeout - No clients pending!
2019.06.16 18:49:05.231 DEBUG Server.Server - Socket Timeout - No clients pending!
2019.06.16 18:49:05.556 DEBUG Server.Server - Socket Timeout - No clients pending!
2019.06.16 18:49:05.642 INFO  Server.Server - Handling client with socket: Socket[addr=/132.73.194.133,port=56731,localport=5400]
2019.06.16 18:49:06.557 DEBUG Server.Server - Socket Timeout - No clients pending!
2019.06.16 18:49:06.645 DEBUG Server.Server - Socket Timeout - No clients pending!
2019.06.16 18:49:07.558 DEBUG Server.Server - Socket Timeout - No clients pending!
2019.06.16 18:49:07.646 DEBUG Server.Server - Socket Timeout - No clients pending!
2019.06.16 18:49:08.568 DEBUG Server.Server - Socket Timeout - No clients pending!
2019.06.16 18:49:08.650 DEBUG Server.Server - Socket Timeout - No clients pending!
2019.06.16 18:49:09.571 DEBUG Server.Server - Socket Timeout - No clients pending!
2019.06.16 18:49:09.655 DEBUG Server.Server - Socket Timeout - No clients pending!
2019.06.16 18:49:10.572 DEBUG Server.Server - Socket Timeout - No clients pending!
2019.06.16 18:49:10.658 DEBUG Server.Server - Socket Timeout - No clients pending!
2019.06.16 18:49:11.573 DEBUG Server.Server - Socket Timeout - No clients pending!
2019.06.16 18:49:11.661 DEBUG Server.Server - Socket Timeout - No clients pending!
2019.06.16 18:49:12.576 DEBUG Server.Server - Socket Timeout - No clients pending!
2019.06.16 18:49:12.662 DEBUG Server.Server - Socket Timeout - No clients pending!
2019.06.16 18:49:13.577 DEBUG Server.Server - Socket Timeout - No clients pending!
2019.06.16 18:49:13.666 DEBUG Server.Server - Socket Timeout - No clients pending!
2019.06.16 18:49:14.583 DEBUG Server.Server - Socket Timeout - No clients pending!
2019.06.16 18:49:14.671 DEBUG Server.Server - Socket Timeout - No clients pending!
2019.06.16 18:49:15.585 DEBUG Server.Server - Socket Timeout - No clients pending!
2019.06.16 18:49:15.675 DEBUG Server.Server - Socket Timeout - No clients pending!
2019.06.16 18:49:16.586 DEBUG Server.Server - Socket Timeout - No clients pending!
2019.06.16 18:49:16.676 DEBUG Server.Server - Socket Timeout - No clients pending!
2019.06.16 18:49:17.591 DEBUG Server.Server - Socket Timeout - No clients pending!
2019.06.16 18:49:17.677 DEBUG Server.Server - Socket Timeout - No clients pending!
2019.06.16 18:49:18.595 DEBUG Server.Server - Socket Timeout - No clients pending!
2019.06.16 18:49:18.682 DEBUG Server.Server - Socket Timeout - No clients pending!
2019.06.16 18:49:19.600 DEBUG Server.Server - Socket Timeout - No clients pending!
2019.06.16 18:49:19.683 DEBUG Server.Server - Socket Timeout - No clients pending!
2019.06.16 18:49:20.600 DEBUG Server.Server - Socket Timeout - No clients pending!
2019.06.16 18:49:20.684 DEBUG Server.Server - Socket Timeout - No clients pending!
2019.06.16 18:49:21.605 DEBUG Server.Server - Socket Timeout - No clients pending!
2019.06.16 18:49:21.685 DEBUG Server.Server - Socket Timeout - No clients pending!
2019.06.16 18:49:22.606 DEBUG Server.Server - Socket Timeout - No clients pending!
2019.06.16 18:49:22.686 DEBUG Server.Server - Socket Timeout - No clients pending!
2019.06.16 18:49:23.608 DEBUG Server.Server - Socket Timeout - No clients pending!
2019.06.16 18:49:44.721 INFO  Server.Server - Server starter at ServerSocket[addr=0.0.0.0/0.0.0.0,localport=5401]!
2019.06.16 18:49:44.721 INFO  Server.Server - Server starter at ServerSocket[addr=0.0.0.0/0.0.0.0,localport=5400]!
2019.06.16 18:49:44.727 INFO  Server.Server - Server's Strategy: ServerStrategySolveSearchProblem
2019.06.16 18:49:44.727 INFO  Server.Server - Server's Strategy: ServerStrategyGenerateMaze
2019.06.16 18:49:44.727 INFO  Server.Server - Server is waiting for clients...
2019.06.16 18:49:44.728 INFO  Server.Server - Server is waiting for clients...
2019.06.16 18:49:45.735 DEBUG Server.Server - Socket Timeout - No clients pending!
2019.06.16 18:49:45.736 DEBUG Server.Server - Socket Timeout - No clients pending!
2019.06.16 18:49:46.736 DEBUG Server.Server - Socket Timeout - No clients pending!
2019.06.16 18:49:46.737 DEBUG Server.Server - Socket Timeout - No clients pending!
2019.06.16 18:49:47.740 DEBUG Server.Server - Socket Timeout - No clients pending!
2019.06.16 18:49:47.739 DEBUG Server.Server - Socket Timeout - No clients pending!
2019.06.16 18:49:48.744 DEBUG Server.Server - Socket Timeout - No clients pending!
2019.06.16 18:49:48.744 DEBUG Server.Server - Socket Timeout - No clients pending!
2019.06.16 18:49:49.751 DEBUG Server.Server - Socket Timeout - No clients pending!
2019.06.16 18:49:49.751 DEBUG Server.Server - Socket Timeout - No clients pending!
2019.06.16 18:49:50.755 DEBUG Server.Server - Socket Timeout - No clients pending!
2019.06.16 18:49:50.755 DEBUG Server.Server - Socket Timeout - No clients pending!
2019.06.16 18:49:51.759 DEBUG Server.Server - Socket Timeout - No clients pending!
2019.06.16 18:49:51.760 DEBUG Server.Server - Socket Timeout - No clients pending!
2019.06.16 18:49:52.764 DEBUG Server.Server - Socket Timeout - No clients pending!
2019.06.16 18:49:52.764 DEBUG Server.Server - Socket Timeout - No clients pending!
2019.06.16 18:49:53.769 DEBUG Server.Server - Socket Timeout - No clients pending!
2019.06.16 18:49:53.769 DEBUG Server.Server - Socket Timeout - No clients pending!
2019.06.16 18:49:54.774 DEBUG Server.Server - Socket Timeout - No clients pending!
2019.06.16 18:49:54.774 DEBUG Server.Server - Socket Timeout - No clients pending!
2019.06.16 18:49:55.780 DEBUG Server.Server - Socket Timeout - No clients pending!
2019.06.16 18:49:55.780 DEBUG Server.Server - Socket Timeout - No clients pending!
2019.06.16 18:49:56.781 DEBUG Server.Server - Socket Timeout - No clients pending!
2019.06.16 18:49:56.781 DEBUG Server.Server - Socket Timeout - No clients pending!
2019.06.16 18:49:57.785 DEBUG Server.Server - Socket Timeout - No clients pending!
2019.06.16 18:49:57.785 DEBUG Server.Server - Socket Timeout - No clients pending!
2019.06.16 18:49:58.787 DEBUG Server.Server - Socket Timeout - No clients pending!
2019.06.16 18:49:58.787 DEBUG Server.Server - Socket Timeout - No clients pending!
2019.06.16 18:49:59.792 DEBUG Server.Server - Socket Timeout - No clients pending!
2019.06.16 18:49:59.792 DEBUG Server.Server - Socket Timeout - No clients pending!
2019.06.16 18:50:00.795 DEBUG Server.Server - Socket Timeout - No clients pending!
2019.06.16 18:50:00.795 DEBUG Server.Server - Socket Timeout - No clients pending!
2019.06.16 18:50:01.797 DEBUG Server.Server - Socket Timeout - No clients pending!
2019.06.16 18:50:01.797 DEBUG Server.Server - Socket Timeout - No clients pending!
2019.06.16 18:50:02.801 DEBUG Server.Server - Socket Timeout - No clients pending!
2019.06.16 18:50:02.801 DEBUG Server.Server - Socket Timeout - No clients pending!
2019.06.16 18:50:03.802 DEBUG Server.Server - Socket Timeout - No clients pending!
2019.06.16 18:50:03.802 DEBUG Server.Server - Socket Timeout - No clients pending!
2019.06.16 18:50:04.805 DEBUG Server.Server - Socket Timeout - No clients pending!
2019.06.16 18:50:04.805 DEBUG Server.Server - Socket Timeout - No clients pending!
2019.06.16 18:50:05.808 DEBUG Server.Server - Socket Timeout - No clients pending!
2019.06.16 18:50:05.808 DEBUG Server.Server - Socket Timeout - No clients pending!
2019.06.16 18:50:06.809 DEBUG Server.Server - Socket Timeout - No clients pending!
2019.06.16 18:50:06.809 DEBUG Server.Server - Socket Timeout - No clients pending!
2019.06.16 18:50:07.811 DEBUG Server.Server - Socket Timeout - No clients pending!
2019.06.16 18:50:07.811 DEBUG Server.Server - Socket Timeout - No clients pending!
2019.06.16 18:50:08.815 DEBUG Server.Server - Socket Timeout - No clients pending!
2019.06.16 18:50:08.815 DEBUG Server.Server - Socket Timeout - No clients pending!
2019.06.16 18:50:09.817 DEBUG Server.Server - Socket Timeout - No clients pending!
2019.06.16 18:50:09.817 DEBUG Server.Server - Socket Timeout - No clients pending!
2019.06.16 18:50:10.822 DEBUG Server.Server - Socket Timeout - No clients pending!
2019.06.16 18:50:10.823 DEBUG Server.Server - Socket Timeout - No clients pending!
2019.06.16 18:50:11.824 DEBUG Server.Server - Socket Timeout - No clients pending!
2019.06.16 18:50:11.824 DEBUG Server.Server - Socket Timeout - No clients pending!
2019.06.16 18:50:12.827 DEBUG Server.Server - Socket Timeout - No clients pending!
2019.06.16 18:50:12.827 DEBUG Server.Server - Socket Timeout - No clients pending!
2019.06.16 20:44:01.168 INFO  Server.Server - Server starter at ServerSocket[addr=0.0.0.0/0.0.0.0,localport=5401]!
2019.06.16 20:44:01.173 INFO  Server.Server - Server's Strategy: ServerStrategySolveSearchProblem
2019.06.16 20:44:01.173 INFO  Server.Server - Server is waiting for clients...
2019.06.16 20:44:01.182 INFO  Server.Server - Server starter at ServerSocket[addr=0.0.0.0/0.0.0.0,localport=5400]!
2019.06.16 20:44:01.182 INFO  Server.Server - Server's Strategy: ServerStrategyGenerateMaze
2019.06.16 20:44:01.182 INFO  Server.Server - Server is waiting for clients...
2019.06.16 20:44:02.179 DEBUG Server.Server - Socket Timeout - No clients pending!
2019.06.16 20:44:02.184 DEBUG Server.Server - Socket Timeout - No clients pending!
2019.06.16 20:44:03.180 DEBUG Server.Server - Socket Timeout - No clients pending!
2019.06.16 20:44:03.188 DEBUG Server.Server - Socket Timeout - No clients pending!
2019.06.16 20:44:04.185 DEBUG Server.Server - Socket Timeout - No clients pending!
2019.06.16 20:44:04.193 DEBUG Server.Server - Socket Timeout - No clients pending!
2019.06.16 20:44:05.192 DEBUG Server.Server - Socket Timeout - No clients pending!
2019.06.16 20:44:05.199 DEBUG Server.Server - Socket Timeout - No clients pending!
2019.06.16 20:44:06.195 DEBUG Server.Server - Socket Timeout - No clients pending!
2019.06.16 20:44:06.201 DEBUG Server.Server - Socket Timeout - No clients pending!
2019.06.16 20:44:07.196 DEBUG Server.Server - Socket Timeout - No clients pending!
2019.06.16 20:44:07.202 DEBUG Server.Server - Socket Timeout - No clients pending!
2019.06.16 20:44:08.202 DEBUG Server.Server - Socket Timeout - No clients pending!
2019.06.16 20:44:08.208 DEBUG Server.Server - Socket Timeout - No clients pending!
2019.06.16 20:44:08.796 INFO  Server.Server - Handling client with socket: Socket[addr=/172.20.10.2,port=51947,localport=5400]
2019.06.16 20:44:09.204 DEBUG Server.Server - Socket Timeout - No clients pending!
2019.06.16 20:44:09.701 INFO  Server.Server - Handling client with socket: Socket[addr=/172.20.10.2,port=51949,localport=5401]
2019.06.16 20:44:09.797 DEBUG Server.Server - Socket Timeout - No clients pending!
2019.06.16 20:44:10.707 DEBUG Server.Server - Socket Timeout - No clients pending!
2019.06.16 20:44:10.803 DEBUG Server.Server - Socket Timeout - No clients pending!
2019.06.16 20:44:11.710 DEBUG Server.Server - Socket Timeout - No clients pending!
2019.06.16 20:44:11.805 DEBUG Server.Server - Socket Timeout - No clients pending!
2019.06.16 20:44:12.716 DEBUG Server.Server - Socket Timeout - No clients pending!
2019.06.16 20:44:12.811 DEBUG Server.Server - Socket Timeout - No clients pending!
2019.06.16 20:44:13.717 DEBUG Server.Server - Socket Timeout - No clients pending!
2019.06.16 20:44:13.816 DEBUG Server.Server - Socket Timeout - No clients pending!
2019.06.16 20:44:14.722 DEBUG Server.Server - Socket Timeout - No clients pending!
2019.06.16 20:44:14.820 DEBUG Server.Server - Socket Timeout - No clients pending!
2019.06.16 20:44:15.728 DEBUG Server.Server - Socket Timeout - No clients pending!
2019.06.16 20:44:15.823 DEBUG Server.Server - Socket Timeout - No clients pending!
2019.06.16 20:44:16.731 DEBUG Server.Server - Socket Timeout - No clients pending!
2019.06.16 20:44:16.828 DEBUG Server.Server - Socket Timeout - No clients pending!
2019.06.16 20:44:17.735 DEBUG Server.Server - Socket Timeout - No clients pending!
2019.06.16 20:44:17.831 DEBUG Server.Server - Socket Timeout - No clients pending!
2019.06.16 20:44:18.737 DEBUG Server.Server - Socket Timeout - No clients pending!
2019.06.16 20:44:18.836 DEBUG Server.Server - Socket Timeout - No clients pending!
2019.06.16 20:44:19.740 DEBUG Server.Server - Socket Timeout - No clients pending!
2019.06.16 20:44:19.840 DEBUG Server.Server - Socket Timeout - No clients pending!
2019.06.16 20:44:20.745 DEBUG Server.Server - Socket Timeout - No clients pending!
2019.06.16 20:44:20.846 DEBUG Server.Server - Socket Timeout - No clients pending!
2019.06.16 20:44:21.749 DEBUG Server.Server - Socket Timeout - No clients pending!
2019.06.16 20:44:21.849 DEBUG Server.Server - Socket Timeout - No clients pending!
2019.06.16 20:44:22.752 DEBUG Server.Server - Socket Timeout - No clients pending!
2019.06.16 20:44:22.854 DEBUG Server.Server - Socket Timeout - No clients pending!
2019.06.16 20:44:23.757 DEBUG Server.Server - Socket Timeout - No clients pending!
2019.06.16 20:44:23.859 DEBUG Server.Server - Socket Timeout - No clients pending!
2019.06.16 20:44:24.759 DEBUG Server.Server - Socket Timeout - No clients pending!
2019.06.16 20:44:24.863 DEBUG Server.Server - Socket Timeout - No clients pending!
2019.06.16 20:44:25.764 DEBUG Server.Server - Socket Timeout - No clients pending!
2019.06.16 20:44:25.868 DEBUG Server.Server - Socket Timeout - No clients pending!
2019.06.16 20:44:26.768 DEBUG Server.Server - Socket Timeout - No clients pending!
2019.06.16 20:44:26.873 DEBUG Server.Server - Socket Timeout - No clients pending!
2019.06.16 20:44:27.769 DEBUG Server.Server - Socket Timeout - No clients pending!
2019.06.16 20:44:27.878 DEBUG Server.Server - Socket Timeout - No clients pending!
2019.06.16 20:44:28.774 DEBUG Server.Server - Socket Timeout - No clients pending!
2019.06.16 20:44:28.883 DEBUG Server.Server - Socket Timeout - No clients pending!
2019.06.16 20:44:29.778 DEBUG Server.Server - Socket Timeout - No clients pending!
2019.06.16 20:44:29.887 DEBUG Server.Server - Socket Timeout - No clients pending!
2019.06.16 20:44:30.784 DEBUG Server.Server - Socket Timeout - No clients pending!
2019.06.16 20:45:23.052 INFO  Server.Server - Server starter at ServerSocket[addr=0.0.0.0/0.0.0.0,localport=5401]!
2019.06.16 20:45:23.052 INFO  Server.Server - Server starter at ServerSocket[addr=0.0.0.0/0.0.0.0,localport=5400]!
2019.06.16 20:45:23.057 INFO  Server.Server - Server's Strategy: ServerStrategySolveSearchProblem
2019.06.16 20:45:23.057 INFO  Server.Server - Server's Strategy: ServerStrategyGenerateMaze
2019.06.16 20:45:23.057 INFO  Server.Server - Server is waiting for clients...
2019.06.16 20:45:23.057 INFO  Server.Server - Server is waiting for clients...
2019.06.16 20:45:24.061 DEBUG Server.Server - Socket Timeout - No clients pending!
2019.06.16 20:45:24.062 DEBUG Server.Server - Socket Timeout - No clients pending!
2019.06.16 20:45:25.070 DEBUG Server.Server - Socket Timeout - No clients pending!
2019.06.16 20:45:25.070 DEBUG Server.Server - Socket Timeout - No clients pending!
2019.06.16 20:45:26.075 DEBUG Server.Server - Socket Timeout - No clients pending!
2019.06.16 20:45:26.075 DEBUG Server.Server - Socket Timeout - No clients pending!
2019.06.16 20:45:26.943 INFO  Server.Server - Handling client with socket: Socket[addr=/172.20.10.2,port=52052,localport=5400]
2019.06.16 20:45:27.080 DEBUG Server.Server - Socket Timeout - No clients pending!
2019.06.16 20:45:27.946 DEBUG Server.Server - Socket Timeout - No clients pending!
2019.06.16 20:45:28.087 DEBUG Server.Server - Socket Timeout - No clients pending!
2019.06.16 20:45:28.726 INFO  Server.Server - Handling client with socket: Socket[addr=/172.20.10.2,port=52056,localport=5401]
2019.06.16 20:45:28.952 DEBUG Server.Server - Socket Timeout - No clients pending!
2019.06.16 20:45:29.731 DEBUG Server.Server - Socket Timeout - No clients pending!
2019.06.16 20:45:29.953 DEBUG Server.Server - Socket Timeout - No clients pending!
2019.06.16 20:45:30.748 DEBUG Server.Server - Socket Timeout - No clients pending!
2019.06.16 20:45:30.957 DEBUG Server.Server - Socket Timeout - No clients pending!
2019.06.16 20:45:31.749 DEBUG Server.Server - Socket Timeout - No clients pending!
2019.06.16 20:45:31.958 DEBUG Server.Server - Socket Timeout - No clients pending!
2019.06.16 20:45:32.751 DEBUG Server.Server - Socket Timeout - No clients pending!
2019.06.16 20:45:32.962 DEBUG Server.Server - Socket Timeout - No clients pending!
2019.06.16 20:45:33.753 DEBUG Server.Server - Socket Timeout - No clients pending!
2019.06.16 20:45:33.966 DEBUG Server.Server - Socket Timeout - No clients pending!
2019.06.16 20:45:34.756 DEBUG Server.Server - Socket Timeout - No clients pending!
2019.06.16 20:45:34.971 DEBUG Server.Server - Socket Timeout - No clients pending!
2019.06.16 20:45:35.761 DEBUG Server.Server - Socket Timeout - No clients pending!
2019.06.16 20:45:35.975 DEBUG Server.Server - Socket Timeout - No clients pending!
2019.06.16 20:45:36.767 DEBUG Server.Server - Socket Timeout - No clients pending!
2019.06.16 20:45:36.980 DEBUG Server.Server - Socket Timeout - No clients pending!
2019.06.16 20:45:37.773 DEBUG Server.Server - Socket Timeout - No clients pending!
2019.06.16 20:45:37.982 DEBUG Server.Server - Socket Timeout - No clients pending!
2019.06.16 20:45:38.779 DEBUG Server.Server - Socket Timeout - No clients pending!
2019.06.16 20:45:38.985 DEBUG Server.Server - Socket Timeout - No clients pending!
2019.06.16 20:45:39.782 DEBUG Server.Server - Socket Timeout - No clients pending!
2019.06.16 20:45:39.987 DEBUG Server.Server - Socket Timeout - No clients pending!
2019.06.16 20:45:40.783 DEBUG Server.Server - Socket Timeout - No clients pending!
2019.06.16 20:45:40.993 DEBUG Server.Server - Socket Timeout - No clients pending!
2019.06.16 20:45:41.788 DEBUG Server.Server - Socket Timeout - No clients pending!
2019.06.16 20:45:41.996 DEBUG Server.Server - Socket Timeout - No clients pending!
2019.06.16 20:45:42.504 INFO  Server.Server - Handling client with socket: Socket[addr=/172.20.10.2,port=52075,localport=5401]
2019.06.16 20:45:43.000 DEBUG Server.Server - Socket Timeout - No clients pending!
2019.06.16 20:45:43.508 DEBUG Server.Server - Socket Timeout - No clients pending!
2019.06.16 20:45:44.001 DEBUG Server.Server - Socket Timeout - No clients pending!
2019.06.16 20:45:44.510 DEBUG Server.Server - Socket Timeout - No clients pending!
2019.06.16 20:45:45.002 DEBUG Server.Server - Socket Timeout - No clients pending!
2019.06.16 20:45:45.512 DEBUG Server.Server - Socket Timeout - No clients pending!
2019.06.16 20:45:46.006 DEBUG Server.Server - Socket Timeout - No clients pending!
2019.06.16 20:45:46.517 DEBUG Server.Server - Socket Timeout - No clients pending!
2019.06.16 20:45:47.010 DEBUG Server.Server - Socket Timeout - No clients pending!
2019.06.16 20:45:47.521 DEBUG Server.Server - Socket Timeout - No clients pending!
2019.06.16 20:45:48.011 DEBUG Server.Server - Socket Timeout - No clients pending!
2019.06.16 20:45:48.525 DEBUG Server.Server - Socket Timeout - No clients pending!
2019.06.16 20:45:49.015 DEBUG Server.Server - Socket Timeout - No clients pending!
2019.06.16 20:45:49.530 DEBUG Server.Server - Socket Timeout - No clients pending!
2019.06.16 20:45:50.016 DEBUG Server.Server - Socket Timeout - No clients pending!
2019.06.16 20:45:50.534 DEBUG Server.Server - Socket Timeout - No clients pending!
2019.06.16 20:45:51.020 DEBUG Server.Server - Socket Timeout - No clients pending!
2019.06.16 20:45:51.090 INFO  Server.Server - Handling client with socket: Socket[addr=/172.20.10.2,port=52087,localport=5401]
2019.06.16 20:45:52.023 DEBUG Server.Server - Socket Timeout - No clients pending!
2019.06.16 20:45:52.095 DEBUG Server.Server - Socket Timeout - No clients pending!
2019.06.16 20:45:53.030 DEBUG Server.Server - Socket Timeout - No clients pending!
2019.06.16 20:45:53.100 DEBUG Server.Server - Socket Timeout - No clients pending!
2020.10.11 10:20:59.155 INFO  Server.Server - Server starter at ServerSocket[addr=0.0.0.0/0.0.0.0,localport=5400]!
2020.10.11 10:20:59.155 INFO  Server.Server - Server starter at ServerSocket[addr=0.0.0.0/0.0.0.0,localport=5401]!
2020.10.11 10:20:59.166 INFO  Server.Server - Server's Strategy: ServerStrategyGenerateMaze
2020.10.11 10:20:59.166 INFO  Server.Server - Server is waiting for clients...
2020.10.11 10:20:59.166 INFO  Server.Server - Server's Strategy: ServerStrategySolveSearchProblem
2020.10.11 10:20:59.167 INFO  Server.Server - Server is waiting for clients...
2020.10.11 10:21:00.167 DEBUG Server.Server - Socket Timeout - No clients pending!
2020.10.11 10:21:00.169 DEBUG Server.Server - Socket Timeout - No clients pending!
2020.10.11 10:21:01.168 DEBUG Server.Server - Socket Timeout - No clients pending!
2020.10.11 10:21:01.170 DEBUG Server.Server - Socket Timeout - No clients pending!
2020.10.11 10:21:02.170 DEBUG Server.Server - Socket Timeout - No clients pending!
2020.10.11 10:21:02.172 DEBUG Server.Server - Socket Timeout - No clients pending!
2020.10.11 10:21:03.170 DEBUG Server.Server - Socket Timeout - No clients pending!
2020.10.11 10:21:03.172 DEBUG Server.Server - Socket Timeout - No clients pending!
2020.10.11 10:21:04.172 DEBUG Server.Server - Socket Timeout - No clients pending!
2020.10.11 10:21:04.174 DEBUG Server.Server - Socket Timeout - No clients pending!
2020.10.11 10:21:05.173 DEBUG Server.Server - Socket Timeout - No clients pending!
2020.10.11 10:21:05.175 DEBUG Server.Server - Socket Timeout - No clients pending!
2020.10.11 10:21:06.175 DEBUG Server.Server - Socket Timeout - No clients pending!
2020.10.11 10:21:06.177 DEBUG Server.Server - Socket Timeout - No clients pending!
2020.10.11 10:21:07.175 DEBUG Server.Server - Socket Timeout - No clients pending!
2020.10.11 10:21:07.177 DEBUG Server.Server - Socket Timeout - No clients pending!
2020.10.11 10:21:08.175 DEBUG Server.Server - Socket Timeout - No clients pending!
2020.10.11 10:21:08.177 DEBUG Server.Server - Socket Timeout - No clients pending!
2020.10.11 10:21:09.177 DEBUG Server.Server - Socket Timeout - No clients pending!
2020.10.11 10:21:09.179 DEBUG Server.Server - Socket Timeout - No clients pending!
2020.10.11 10:21:10.179 DEBUG Server.Server - Socket Timeout - No clients pending!
2020.10.11 10:21:10.181 DEBUG Server.Server - Socket Timeout - No clients pending!
2020.10.11 10:21:11.180 DEBUG Server.Server - Socket Timeout - No clients pending!
2020.10.11 10:21:11.182 DEBUG Server.Server - Socket Timeout - No clients pending!
2020.10.11 10:21:12.181 DEBUG Server.Server - Socket Timeout - No clients pending!
2020.10.11 10:21:12.183 DEBUG Server.Server - Socket Timeout - No clients pending!
2020.10.11 10:21:12.314 INFO  Server.Server - Handling client with socket: Socket[addr=/127.0.0.1,port=50369,localport=5400]
2020.10.11 10:21:13.183 DEBUG Server.Server - Socket Timeout - No clients pending!
2020.10.11 10:21:13.314 DEBUG Server.Server - Socket Timeout - No clients pending!
2020.10.11 10:21:14.184 DEBUG Server.Server - Socket Timeout - No clients pending!
2020.10.11 10:21:14.316 DEBUG Server.Server - Socket Timeout - No clients pending!
2020.10.11 10:21:15.185 DEBUG Server.Server - Socket Timeout - No clients pending!
2020.10.11 10:21:15.316 DEBUG Server.Server - Socket Timeout - No clients pending!
2020.10.11 10:21:16.187 DEBUG Server.Server - Socket Timeout - No clients pending!
2020.10.11 10:21:16.317 DEBUG Server.Server - Socket Timeout - No clients pending!
2020.10.11 10:21:17.189 DEBUG Server.Server - Socket Timeout - No clients pending!
2020.10.11 10:21:17.319 DEBUG Server.Server - Socket Timeout - No clients pending!
2020.10.11 10:21:18.191 DEBUG Server.Server - Socket Timeout - No clients pending!
2020.10.11 10:21:18.320 DEBUG Server.Server - Socket Timeout - No clients pending!
2020.10.11 10:21:19.192 DEBUG Server.Server - Socket Timeout - No clients pending!
2020.10.11 10:21:19.322 DEBUG Server.Server - Socket Timeout - No clients pending!
2020.10.11 10:21:20.193 DEBUG Server.Server - Socket Timeout - No clients pending!
2020.10.11 10:21:20.322 DEBUG Server.Server - Socket Timeout - No clients pending!
2020.10.11 10:21:21.194 DEBUG Server.Server - Socket Timeout - No clients pending!
2020.10.11 10:21:21.324 DEBUG Server.Server - Socket Timeout - No clients pending!
2020.10.11 10:21:22.195 DEBUG Server.Server - Socket Timeout - No clients pending!
2020.10.11 10:21:22.325 DEBUG Server.Server - Socket Timeout - No clients pending!
2020.10.11 10:21:23.195 DEBUG Server.Server - Socket Timeout - No clients pending!
2020.10.11 10:21:23.325 DEBUG Server.Server - Socket Timeout - No clients pending!
2020.10.11 10:21:24.195 DEBUG Server.Server - Socket Timeout - No clients pending!
2020.10.11 10:21:24.326 DEBUG Server.Server - Socket Timeout - No clients pending!
2020.10.11 10:21:25.196 DEBUG Server.Server - Socket Timeout - No clients pending!
2020.10.11 10:21:25.204 INFO  Server.Server - Handling client with socket: Socket[addr=/127.0.0.1,port=50372,localport=5401]
2020.10.11 10:21:25.327 DEBUG Server.Server - Socket Timeout - No clients pending!
2020.10.11 10:21:26.203 DEBUG Server.Server - Socket Timeout - No clients pending!
2020.10.11 10:21:26.327 DEBUG Server.Server - Socket Timeout - No clients pending!
2020.10.11 10:21:27.204 DEBUG Server.Server - Socket Timeout - No clients pending!
2020.10.11 10:21:27.328 DEBUG Server.Server - Socket Timeout - No clients pending!
2020.10.11 10:21:28.205 DEBUG Server.Server - Socket Timeout - No clients pending!
2020.10.11 10:21:28.328 DEBUG Server.Server - Socket Timeout - No clients pending!
2020.10.11 10:21:29.205 DEBUG Server.Server - Socket Timeout - No clients pending!
2020.10.11 10:21:29.330 DEBUG Server.Server - Socket Timeout - No clients pending!
2020.10.11 10:21:30.207 DEBUG Server.Server - Socket Timeout - No clients pending!
2020.10.11 10:21:30.332 DEBUG Server.Server - Socket Timeout - No clients pending!
2020.10.11 10:21:31.207 DEBUG Server.Server - Socket Timeout - No clients pending!
2020.10.11 10:21:31.332 DEBUG Server.Server - Socket Timeout - No clients pending!
2020.10.11 10:21:32.207 DEBUG Server.Server - Socket Timeout - No clients pending!
2020.10.11 10:21:32.333 DEBUG Server.Server - Socket Timeout - No clients pending!
2020.10.11 10:21:33.209 DEBUG Server.Server - Socket Timeout - No clients pending!
2020.10.11 10:21:33.333 DEBUG Server.Server - Socket Timeout - No clients pending!
2020.10.11 10:21:34.209 DEBUG Server.Server - Socket Timeout - No clients pending!
2020.10.11 10:21:34.333 DEBUG Server.Server - Socket Timeout - No clients pending!
2020.10.11 10:21:35.218 DEBUG Server.Server - Socket Timeout - No clients pending!
2020.10.11 10:21:39.180 INFO  Server.Server - Server starter at ServerSocket[addr=0.0.0.0/0.0.0.0,localport=5400]!
2020.10.11 10:21:39.186 INFO  Server.Server - Server's Strategy: ServerStrategyGenerateMaze
2020.10.11 10:21:39.187 INFO  Server.Server - Server is waiting for clients...
2020.10.11 10:21:39.180 INFO  Server.Server - Server starter at ServerSocket[addr=0.0.0.0/0.0.0.0,localport=5401]!
2020.10.11 10:21:39.188 INFO  Server.Server - Server's Strategy: ServerStrategySolveSearchProblem
2020.10.11 10:21:39.189 INFO  Server.Server - Server is waiting for clients...
2020.10.11 10:21:40.189 DEBUG Server.Server - Socket Timeout - No clients pending!
2020.10.11 10:21:40.190 DEBUG Server.Server - Socket Timeout - No clients pending!
2020.10.11 10:21:41.190 DEBUG Server.Server - Socket Timeout - No clients pending!
2020.10.11 10:21:41.191 DEBUG Server.Server - Socket Timeout - No clients pending!
2020.10.11 10:21:42.191 DEBUG Server.Server - Socket Timeout - No clients pending!
2020.10.11 10:21:42.191 DEBUG Server.Server - Socket Timeout - No clients pending!
2020.10.11 10:21:43.191 DEBUG Server.Server - Socket Timeout - No clients pending!
2020.10.11 10:21:43.191 DEBUG Server.Server - Socket Timeout - No clients pending!
2020.10.11 10:21:44.192 DEBUG Server.Server - Socket Timeout - No clients pending!
2020.10.11 10:21:44.192 DEBUG Server.Server - Socket Timeout - No clients pending!
2020.10.11 10:21:45.194 DEBUG Server.Server - Socket Timeout - No clients pending!
2020.10.11 10:21:45.194 DEBUG Server.Server - Socket Timeout - No clients pending!
2020.10.11 10:21:45.666 INFO  Server.Server - Handling client with socket: Socket[addr=/127.0.0.1,port=50384,localport=5400]
2020.10.11 10:21:46.195 DEBUG Server.Server - Socket Timeout - No clients pending!
2020.10.11 10:21:46.666 DEBUG Server.Server - Socket Timeout - No clients pending!
2020.10.11 10:21:47.195 DEBUG Server.Server - Socket Timeout - No clients pending!
2020.10.11 10:21:47.668 DEBUG Server.Server - Socket Timeout - No clients pending!
2020.10.11 10:21:48.199 DEBUG Server.Server - Socket Timeout - No clients pending!
2020.10.11 10:21:48.669 DEBUG Server.Server - Socket Timeout - No clients pending!
2020.10.11 10:21:49.200 DEBUG Server.Server - Socket Timeout - No clients pending!
2020.10.11 10:21:49.669 DEBUG Server.Server - Socket Timeout - No clients pending!
2020.10.11 10:21:50.200 DEBUG Server.Server - Socket Timeout - No clients pending!
2020.10.11 10:21:50.670 DEBUG Server.Server - Socket Timeout - No clients pending!
2020.10.11 10:21:51.202 DEBUG Server.Server - Socket Timeout - No clients pending!
2020.10.11 10:21:51.670 DEBUG Server.Server - Socket Timeout - No clients pending!
2020.10.11 10:21:52.202 DEBUG Server.Server - Socket Timeout - No clients pending!
2020.10.11 10:21:52.670 DEBUG Server.Server - Socket Timeout - No clients pending!
2020.10.11 10:21:53.203 DEBUG Server.Server - Socket Timeout - No clients pending!
2020.10.11 10:21:53.672 DEBUG Server.Server - Socket Timeout - No clients pending!
2020.10.11 10:21:54.205 DEBUG Server.Server - Socket Timeout - No clients pending!
2020.10.11 10:21:54.673 DEBUG Server.Server - Socket Timeout - No clients pending!
2020.10.11 10:21:55.205 DEBUG Server.Server - Socket Timeout - No clients pending!
2020.10.11 10:21:55.675 DEBUG Server.Server - Socket Timeout - No clients pending!
2020.10.11 10:21:56.205 DEBUG Server.Server - Socket Timeout - No clients pending!
